c:\git\double-pendulum\sfml_template\sfml_template\x64\debug\vc143.pdb
c:\git\double-pendulum\sfml_template\sfml_template\x64\debug\vc143.idb
c:\git\double-pendulum\sfml_template\sfml_template\x64\debug\main.obj
c:\git\double-pendulum\sfml_template\sfml_template\x64\debug\imgui_widgets.obj
c:\git\double-pendulum\sfml_template\sfml_template\x64\debug\imgui_tables.obj
c:\git\double-pendulum\sfml_template\sfml_template\x64\debug\imgui_draw.obj
c:\git\double-pendulum\sfml_template\sfml_template\x64\debug\imgui.obj
c:\git\double-pendulum\sfml_template\sfml_template\x64\debug\imgui-sfml.obj
c:\git\double-pendulum\sfml_template\sfml_template\x64\debug\game.obj
c:\git\double-pendulum\sfml_template\sfml_template\x64\debug\pendulumanimator.obj
c:\git\double-pendulum\sfml_template\sfml_template\x64\debug\pendulum.obj
c:\git\double-pendulum\sfml_template\x64\debug\sfml_template.pdb
c:\git\double-pendulum\sfml_template\sfml_template\x64\debug\sfml_template.tlog\cl.command.1.tlog
c:\git\double-pendulum\sfml_template\sfml_template\x64\debug\sfml_template.tlog\cl.read.1.tlog
c:\git\double-pendulum\sfml_template\sfml_template\x64\debug\sfml_template.tlog\cl.write.1.tlog
c:\git\double-pendulum\sfml_template\sfml_template\x64\debug\sfml_template.tlog\link-cvtres.read.1.tlog
c:\git\double-pendulum\sfml_template\sfml_template\x64\debug\sfml_template.tlog\link-cvtres.write.1.tlog
c:\git\double-pendulum\sfml_template\sfml_template\x64\debug\sfml_template.tlog\link-rc.read.1.tlog
c:\git\double-pendulum\sfml_template\sfml_template\x64\debug\sfml_template.tlog\link-rc.write.1.tlog
c:\git\double-pendulum\sfml_template\sfml_template\x64\debug\sfml_template.tlog\link.command.1.tlog
c:\git\double-pendulum\sfml_template\sfml_template\x64\debug\sfml_template.tlog\link.read.1.tlog
c:\git\double-pendulum\sfml_template\sfml_template\x64\debug\sfml_template.tlog\link.read.2.tlog
c:\git\double-pendulum\sfml_template\sfml_template\x64\debug\sfml_template.tlog\link.write.1.tlog
